2020-05-17 02:28:00.234  INFO 24772 --- [Test worker] c.e.demo.APITest.MemberServiceApiTest    : Starting MemberServiceApiTest on DESKTOP-09M87UV with PID 24772 (started by tkawn in H:\workspace\my_project\web\졸업 프로젝트\GuhaeDog)
2020-05-17 02:28:00.240 DEBUG 24772 --- [Test worker] c.e.demo.APITest.MemberServiceApiTest    : Running with Spring Boot v2.1.13.RELEASE, Spring v5.1.14.RELEASE
2020-05-17 02:28:00.240  INFO 24772 --- [Test worker] c.e.demo.APITest.MemberServiceApiTest    : The following profiles are active: test
2020-05-17 02:28:01.700  INFO 24772 --- [Test worker] .s.d.r.c.RepositoryConfigurationDelegate : Bootstrapping Spring Data JPA repositories in DEFAULT mode.
2020-05-17 02:28:01.953  INFO 24772 --- [Test worker] .s.d.r.c.RepositoryConfigurationDelegate : Finished Spring Data repository scanning in 239ms. Found 2 JPA repository interfaces.
2020-05-17 02:28:02.906  INFO 24772 --- [Test worker] com.zaxxer.hikari.HikariDataSource       : HikariPool-1 - Starting...
2020-05-17 02:28:03.289  INFO 24772 --- [Test worker] com.zaxxer.hikari.HikariDataSource       : HikariPool-1 - Start completed.
2020-05-17 02:28:03.494  INFO 24772 --- [Test worker] o.hibernate.jpa.internal.util.LogHelper  : HHH000204: Processing PersistenceUnitInfo [
	name: default
	...]
2020-05-17 02:28:03.734  INFO 24772 --- [Test worker] org.hibernate.Version                    : HHH000412: Hibernate Core {5.3.15.Final}
2020-05-17 02:28:03.741  INFO 24772 --- [Test worker] org.hibernate.cfg.Environment            : HHH000206: hibernate.properties not found
2020-05-17 02:28:04.281  INFO 24772 --- [Test worker] o.hibernate.annotations.common.Version   : HCANN000001: Hibernate Commons Annotations {5.0.4.Final}
2020-05-17 02:28:04.730  INFO 24772 --- [Test worker] org.hibernate.dialect.Dialect            : HHH000400: Using dialect: org.hibernate.dialect.H2Dialect
2020-05-17 02:28:06.543  INFO 24772 --- [Test worker] o.h.t.schema.internal.SchemaCreatorImpl  : HHH000476: Executing import script 'org.hibernate.tool.schema.internal.exec.ScriptSourceInputNonExistentImpl@4850acdc'
2020-05-17 02:28:06.551  INFO 24772 --- [Test worker] j.LocalContainerEntityManagerFactoryBean : Initialized JPA EntityManagerFactory for persistence unit 'default'
2020-05-17 02:28:07.220  INFO 24772 --- [Test worker] o.h.h.i.QueryTranslatorFactoryInitiator  : HHH000397: Using ASTQueryTranslatorFactory
2020-05-17 02:28:07.873  INFO 24772 --- [Test worker] o.s.s.web.DefaultSecurityFilterChain     : Creating filter chain: Ant [pattern='/static/**'], []
2020-05-17 02:28:07.873  INFO 24772 --- [Test worker] o.s.s.web.DefaultSecurityFilterChain     : Creating filter chain: Ant [pattern='/css/**'], []
2020-05-17 02:28:07.874  INFO 24772 --- [Test worker] o.s.s.web.DefaultSecurityFilterChain     : Creating filter chain: Ant [pattern='/memberAuth/**'], []
2020-05-17 02:28:07.874  INFO 24772 --- [Test worker] o.s.s.web.DefaultSecurityFilterChain     : Creating filter chain: Ant [pattern='/js/**'], []
2020-05-17 02:28:07.874  INFO 24772 --- [Test worker] o.s.s.web.DefaultSecurityFilterChain     : Creating filter chain: Ant [pattern='/img/**'], []
2020-05-17 02:28:07.875  INFO 24772 --- [Test worker] o.s.s.web.DefaultSecurityFilterChain     : Creating filter chain: Ant [pattern='/lib/**'], []
2020-05-17 02:28:08.048  INFO 24772 --- [Test worker] o.s.s.web.DefaultSecurityFilterChain     : Creating filter chain: any request, [org.springframework.security.web.context.request.async.WebAsyncManagerIntegrationFilter@5747092a, org.springframework.security.web.context.SecurityContextPersistenceFilter@588bf886, org.springframework.security.web.header.HeaderWriterFilter@343590c1, org.springframework.security.web.csrf.CsrfFilter@3efdf231, org.springframework.security.web.authentication.logout.LogoutFilter@17bdf7de, org.springframework.security.web.authentication.UsernamePasswordAuthenticationFilter@4f24be68, org.springframework.security.web.savedrequest.RequestCacheAwareFilter@6e0d733, org.springframework.security.web.servletapi.SecurityContextHolderAwareRequestFilter@25635255, org.springframework.security.web.authentication.AnonymousAuthenticationFilter@1aab2beb, org.springframework.security.web.session.SessionManagementFilter@b947219, org.springframework.security.web.access.ExceptionTranslationFilter@3efbbfa3, org.springframework.security.web.access.intercept.FilterSecurityInterceptor@5cd81fef]
2020-05-17 02:28:10.059  INFO 24772 --- [Test worker] o.s.s.concurrent.ThreadPoolTaskExecutor  : Initializing ExecutorService 'applicationTaskExecutor'
2020-05-17 02:28:10.240  WARN 24772 --- [Test worker] aWebConfiguration$JpaWebMvcConfiguration : spring.jpa.open-in-view is enabled by default. Therefore, database queries may be performed during view rendering. Explicitly configure spring.jpa.open-in-view to disable this warning
2020-05-17 02:28:12.522  INFO 24772 --- [Test worker] s.a.ScheduledAnnotationBeanPostProcessor : No TaskScheduler/ScheduledExecutorService bean found for scheduled processing
2020-05-17 02:28:12.535  INFO 24772 --- [Test worker] c.e.demo.APITest.MemberServiceApiTest    : Started MemberServiceApiTest in 13.099 seconds (JVM running for 16.455)
2020-05-17 02:28:12.577  INFO 24772 --- [Test worker] o.s.t.c.transaction.TransactionContext   : Began transaction (1) for test context [DefaultTestContext@38ec1c1f testClass = MemberServiceApiTest, testInstance = com.example.demo.APITest.MemberServiceApiTest@115c39b1, testMethod = 회원정보보기@MemberServiceApiTest, testException = [null], mergedContextConfiguration = [WebMergedContextConfiguration@3b0b1283 testClass = MemberServiceApiTest, locations = '{}', classes = '{class com.example.demo.DemoApplication}', contextInitializerClasses = '[]', activeProfiles = '{}', propertySourceLocations = '{}', propertySourceProperties = '{org.springframework.boot.test.context.SpringBootTestContextBootstrapper=true}', contextCustomizers = set[org.springframework.boot.test.autoconfigure.properties.PropertyMappingContextCustomizer@0, org.springframework.boot.test.autoconfigure.web.servlet.WebDriverContextCustomizerFactory$Customizer@2bcebb33, org.springframework.boot.test.context.filter.ExcludeFilterContextCustomizer@18bf5118, org.springframework.boot.test.json.DuplicateJsonObjectContextCustomizerFactory$DuplicateJsonObjectContextCustomizer@16b30771, org.springframework.boot.test.mock.mockito.MockitoContextCustomizer@0, org.springframework.boot.test.web.client.TestRestTemplateContextCustomizer@7d20aa9e, org.springframework.boot.test.web.reactive.server.WebTestClientContextCustomizer@7401dad4], resourceBasePath = 'src/main/webapp', contextLoader = 'org.springframework.boot.test.context.SpringBootContextLoader', parent = [null]], attributes = map['org.springframework.test.context.web.ServletTestExecutionListener.activateListener' -> true, 'org.springframework.test.context.web.ServletTestExecutionListener.populatedRequestContextHolder' -> true, 'org.springframework.test.context.web.ServletTestExecutionListener.resetRequestContextHolder' -> true]]; transaction manager [org.springframework.orm.jpa.JpaTransactionManager@ca24ff6]; rollback [true]
2020-05-17 02:28:12.712  INFO 24772 --- [Test worker] o.s.t.c.transaction.TransactionContext   : Rolled back transaction for test: [DefaultTestContext@38ec1c1f testClass = MemberServiceApiTest, testInstance = com.example.demo.APITest.MemberServiceApiTest@115c39b1, testMethod = 회원정보보기@MemberServiceApiTest, testException = java.lang.NullPointerException, mergedContextConfiguration = [WebMergedContextConfiguration@3b0b1283 testClass = MemberServiceApiTest, locations = '{}', classes = '{class com.example.demo.DemoApplication}', contextInitializerClasses = '[]', activeProfiles = '{}', propertySourceLocations = '{}', propertySourceProperties = '{org.springframework.boot.test.context.SpringBootTestContextBootstrapper=true}', contextCustomizers = set[org.springframework.boot.test.autoconfigure.properties.PropertyMappingContextCustomizer@0, org.springframework.boot.test.autoconfigure.web.servlet.WebDriverContextCustomizerFactory$Customizer@2bcebb33, org.springframework.boot.test.context.filter.ExcludeFilterContextCustomizer@18bf5118, org.springframework.boot.test.json.DuplicateJsonObjectContextCustomizerFactory$DuplicateJsonObjectContextCustomizer@16b30771, org.springframework.boot.test.mock.mockito.MockitoContextCustomizer@0, org.springframework.boot.test.web.client.TestRestTemplateContextCustomizer@7d20aa9e, org.springframework.boot.test.web.reactive.server.WebTestClientContextCustomizer@7401dad4], resourceBasePath = 'src/main/webapp', contextLoader = 'org.springframework.boot.test.context.SpringBootContextLoader', parent = [null]], attributes = map['org.springframework.test.context.web.ServletTestExecutionListener.activateListener' -> true, 'org.springframework.test.context.web.ServletTestExecutionListener.populatedRequestContextHolder' -> true, 'org.springframework.test.context.web.ServletTestExecutionListener.resetRequestContextHolder' -> true]]
2020-05-17 02:28:12.797  INFO 24772 --- [Thread-7] o.s.s.concurrent.ThreadPoolTaskExecutor  : Shutting down ExecutorService 'applicationTaskExecutor'
2020-05-17 02:28:12.799  INFO 24772 --- [Thread-7] j.LocalContainerEntityManagerFactoryBean : Closing JPA EntityManagerFactory for persistence unit 'default'
2020-05-17 02:28:12.805  WARN 24772 --- [Thread-7] o.s.b.f.support.DisposableBeanAdapter    : Invocation of destroy method failed on bean with name 'inMemoryDatabaseShutdownExecutor': org.h2.jdbc.JdbcSQLNonTransientConnectionException: Database is already closed (to disable automatic closing at VM shutdown, add ";DB_CLOSE_ON_EXIT=FALSE" to the db URL) [90121-200]
2020-05-17 02:28:12.805  INFO 24772 --- [Thread-7] com.zaxxer.hikari.HikariDataSource       : HikariPool-1 - Shutdown initiated...
2020-05-17 02:28:12.809  INFO 24772 --- [Thread-7] com.zaxxer.hikari.HikariDataSource       : HikariPool-1 - Shutdown completed.
2020-05-17 02:29:05.515  INFO 12928 --- [Test worker] c.e.demo.APITest.MemberServiceApiTest    : Starting MemberServiceApiTest on DESKTOP-09M87UV with PID 12928 (started by tkawn in H:\workspace\my_project\web\졸업 프로젝트\GuhaeDog)
2020-05-17 02:29:05.516 DEBUG 12928 --- [Test worker] c.e.demo.APITest.MemberServiceApiTest    : Running with Spring Boot v2.1.13.RELEASE, Spring v5.1.14.RELEASE
2020-05-17 02:29:05.517  INFO 12928 --- [Test worker] c.e.demo.APITest.MemberServiceApiTest    : The following profiles are active: test
2020-05-17 02:29:06.620  INFO 12928 --- [Test worker] .s.d.r.c.RepositoryConfigurationDelegate : Bootstrapping Spring Data JPA repositories in DEFAULT mode.
2020-05-17 02:29:06.902  INFO 12928 --- [Test worker] .s.d.r.c.RepositoryConfigurationDelegate : Finished Spring Data repository scanning in 270ms. Found 2 JPA repository interfaces.
2020-05-17 02:29:08.905  INFO 12928 --- [Test worker] com.zaxxer.hikari.HikariDataSource       : HikariPool-1 - Starting...
2020-05-17 02:29:09.419  INFO 12928 --- [Test worker] com.zaxxer.hikari.HikariDataSource       : HikariPool-1 - Start completed.
2020-05-17 02:29:09.633  INFO 12928 --- [Test worker] o.hibernate.jpa.internal.util.LogHelper  : HHH000204: Processing PersistenceUnitInfo [
	name: default
	...]
2020-05-17 02:29:09.860  INFO 12928 --- [Test worker] org.hibernate.Version                    : HHH000412: Hibernate Core {5.3.15.Final}
2020-05-17 02:29:09.872  INFO 12928 --- [Test worker] org.hibernate.cfg.Environment            : HHH000206: hibernate.properties not found
2020-05-17 02:29:10.120  INFO 12928 --- [Test worker] o.hibernate.annotations.common.Version   : HCANN000001: Hibernate Commons Annotations {5.0.4.Final}
2020-05-17 02:29:10.303  INFO 12928 --- [Test worker] org.hibernate.dialect.Dialect            : HHH000400: Using dialect: org.hibernate.dialect.H2Dialect
2020-05-17 02:29:11.204  INFO 12928 --- [Test worker] o.h.t.schema.internal.SchemaCreatorImpl  : HHH000476: Executing import script 'org.hibernate.tool.schema.internal.exec.ScriptSourceInputNonExistentImpl@16346510'
2020-05-17 02:29:11.208  INFO 12928 --- [Test worker] j.LocalContainerEntityManagerFactoryBean : Initialized JPA EntityManagerFactory for persistence unit 'default'
2020-05-17 02:29:11.798  INFO 12928 --- [Test worker] o.h.h.i.QueryTranslatorFactoryInitiator  : HHH000397: Using ASTQueryTranslatorFactory
2020-05-17 02:29:12.538  INFO 12928 --- [Test worker] o.s.s.web.DefaultSecurityFilterChain     : Creating filter chain: Ant [pattern='/static/**'], []
2020-05-17 02:29:12.539  INFO 12928 --- [Test worker] o.s.s.web.DefaultSecurityFilterChain     : Creating filter chain: Ant [pattern='/css/**'], []
2020-05-17 02:29:12.539  INFO 12928 --- [Test worker] o.s.s.web.DefaultSecurityFilterChain     : Creating filter chain: Ant [pattern='/memberAuth/**'], []
2020-05-17 02:29:12.539  INFO 12928 --- [Test worker] o.s.s.web.DefaultSecurityFilterChain     : Creating filter chain: Ant [pattern='/js/**'], []
2020-05-17 02:29:12.540  INFO 12928 --- [Test worker] o.s.s.web.DefaultSecurityFilterChain     : Creating filter chain: Ant [pattern='/img/**'], []
2020-05-17 02:29:12.540  INFO 12928 --- [Test worker] o.s.s.web.DefaultSecurityFilterChain     : Creating filter chain: Ant [pattern='/lib/**'], []
2020-05-17 02:29:12.724  INFO 12928 --- [Test worker] o.s.s.web.DefaultSecurityFilterChain     : Creating filter chain: any request, [org.springframework.security.web.context.request.async.WebAsyncManagerIntegrationFilter@2e8add86, org.springframework.security.web.context.SecurityContextPersistenceFilter@78264a88, org.springframework.security.web.header.HeaderWriterFilter@4b8c9643, org.springframework.security.web.csrf.CsrfFilter@1a30d030, org.springframework.security.web.authentication.logout.LogoutFilter@72097aa4, org.springframework.security.web.authentication.UsernamePasswordAuthenticationFilter@483050d6, org.springframework.security.web.savedrequest.RequestCacheAwareFilter@51e4da59, org.springframework.security.web.servletapi.SecurityContextHolderAwareRequestFilter@412e7eb7, org.springframework.security.web.authentication.AnonymousAuthenticationFilter@4927c343, org.springframework.security.web.session.SessionManagementFilter@79e12df4, org.springframework.security.web.access.ExceptionTranslationFilter@37654394, org.springframework.security.web.access.intercept.FilterSecurityInterceptor@1de42ec7]
2020-05-17 02:29:13.766  INFO 12928 --- [Test worker] o.s.s.concurrent.ThreadPoolTaskExecutor  : Initializing ExecutorService 'applicationTaskExecutor'
2020-05-17 02:29:13.940  WARN 12928 --- [Test worker] aWebConfiguration$JpaWebMvcConfiguration : spring.jpa.open-in-view is enabled by default. Therefore, database queries may be performed during view rendering. Explicitly configure spring.jpa.open-in-view to disable this warning
2020-05-17 02:29:17.443  INFO 12928 --- [Test worker] s.a.ScheduledAnnotationBeanPostProcessor : No TaskScheduler/ScheduledExecutorService bean found for scheduled processing
2020-05-17 02:29:17.460  INFO 12928 --- [Test worker] c.e.demo.APITest.MemberServiceApiTest    : Started MemberServiceApiTest in 12.47 seconds (JVM running for 15.791)
2020-05-17 02:29:17.509  INFO 12928 --- [Test worker] o.s.t.c.transaction.TransactionContext   : Began transaction (1) for test context [DefaultTestContext@67cbe1ec testClass = MemberServiceApiTest, testInstance = com.example.demo.APITest.MemberServiceApiTest@17fcbffc, testMethod = 회원정보보기@MemberServiceApiTest, testException = [null], mergedContextConfiguration = [WebMergedContextConfiguration@60248fc0 testClass = MemberServiceApiTest, locations = '{}', classes = '{class com.example.demo.DemoApplication}', contextInitializerClasses = '[]', activeProfiles = '{}', propertySourceLocations = '{}', propertySourceProperties = '{org.springframework.boot.test.context.SpringBootTestContextBootstrapper=true}', contextCustomizers = set[org.springframework.boot.test.autoconfigure.properties.PropertyMappingContextCustomizer@0, org.springframework.boot.test.autoconfigure.web.servlet.WebDriverContextCustomizerFactory$Customizer@30d81b02, org.springframework.boot.test.context.filter.ExcludeFilterContextCustomizer@41a1f083, org.springframework.boot.test.json.DuplicateJsonObjectContextCustomizerFactory$DuplicateJsonObjectContextCustomizer@730c62ee, org.springframework.boot.test.mock.mockito.MockitoContextCustomizer@0, org.springframework.boot.test.web.client.TestRestTemplateContextCustomizer@596455cc, org.springframework.boot.test.web.reactive.server.WebTestClientContextCustomizer@10866cb8], resourceBasePath = 'src/main/webapp', contextLoader = 'org.springframework.boot.test.context.SpringBootContextLoader', parent = [null]], attributes = map['org.springframework.test.context.web.ServletTestExecutionListener.activateListener' -> true, 'org.springframework.test.context.web.ServletTestExecutionListener.populatedRequestContextHolder' -> true, 'org.springframework.test.context.web.ServletTestExecutionListener.resetRequestContextHolder' -> true]]; transaction manager [org.springframework.orm.jpa.JpaTransactionManager@668b5c1a]; rollback [true]
2020-05-17 02:29:17.654  INFO 12928 --- [Test worker] o.s.t.c.transaction.TransactionContext   : Rolled back transaction for test: [DefaultTestContext@67cbe1ec testClass = MemberServiceApiTest, testInstance = com.example.demo.APITest.MemberServiceApiTest@17fcbffc, testMethod = 회원정보보기@MemberServiceApiTest, testException = java.lang.NullPointerException, mergedContextConfiguration = [WebMergedContextConfiguration@60248fc0 testClass = MemberServiceApiTest, locations = '{}', classes = '{class com.example.demo.DemoApplication}', contextInitializerClasses = '[]', activeProfiles = '{}', propertySourceLocations = '{}', propertySourceProperties = '{org.springframework.boot.test.context.SpringBootTestContextBootstrapper=true}', contextCustomizers = set[org.springframework.boot.test.autoconfigure.properties.PropertyMappingContextCustomizer@0, org.springframework.boot.test.autoconfigure.web.servlet.WebDriverContextCustomizerFactory$Customizer@30d81b02, org.springframework.boot.test.context.filter.ExcludeFilterContextCustomizer@41a1f083, org.springframework.boot.test.json.DuplicateJsonObjectContextCustomizerFactory$DuplicateJsonObjectContextCustomizer@730c62ee, org.springframework.boot.test.mock.mockito.MockitoContextCustomizer@0, org.springframework.boot.test.web.client.TestRestTemplateContextCustomizer@596455cc, org.springframework.boot.test.web.reactive.server.WebTestClientContextCustomizer@10866cb8], resourceBasePath = 'src/main/webapp', contextLoader = 'org.springframework.boot.test.context.SpringBootContextLoader', parent = [null]], attributes = map['org.springframework.test.context.web.ServletTestExecutionListener.activateListener' -> true, 'org.springframework.test.context.web.ServletTestExecutionListener.populatedRequestContextHolder' -> true, 'org.springframework.test.context.web.ServletTestExecutionListener.resetRequestContextHolder' -> true]]
2020-05-17 02:29:17.733  INFO 12928 --- [Thread-7] o.s.s.concurrent.ThreadPoolTaskExecutor  : Shutting down ExecutorService 'applicationTaskExecutor'
2020-05-17 02:29:17.737  INFO 12928 --- [Thread-7] j.LocalContainerEntityManagerFactoryBean : Closing JPA EntityManagerFactory for persistence unit 'default'
2020-05-17 02:29:17.742  WARN 12928 --- [Thread-7] o.s.b.f.support.DisposableBeanAdapter    : Invocation of destroy method failed on bean with name 'inMemoryDatabaseShutdownExecutor': org.h2.jdbc.JdbcSQLNonTransientConnectionException: Database is already closed (to disable automatic closing at VM shutdown, add ";DB_CLOSE_ON_EXIT=FALSE" to the db URL) [90121-200]
2020-05-17 02:29:17.744  INFO 12928 --- [Thread-7] com.zaxxer.hikari.HikariDataSource       : HikariPool-1 - Shutdown initiated...
2020-05-17 02:29:17.754  INFO 12928 --- [Thread-7] com.zaxxer.hikari.HikariDataSource       : HikariPool-1 - Shutdown completed.
2020-05-17 02:30:33.868  INFO 24220 --- [Test worker] c.e.demo.APITest.MemberServiceApiTest    : Starting MemberServiceApiTest on DESKTOP-09M87UV with PID 24220 (started by tkawn in H:\workspace\my_project\web\졸업 프로젝트\GuhaeDog)
2020-05-17 02:30:33.870 DEBUG 24220 --- [Test worker] c.e.demo.APITest.MemberServiceApiTest    : Running with Spring Boot v2.1.13.RELEASE, Spring v5.1.14.RELEASE
2020-05-17 02:30:33.870  INFO 24220 --- [Test worker] c.e.demo.APITest.MemberServiceApiTest    : The following profiles are active: real-oauth,test
2020-05-17 02:30:35.427  INFO 24220 --- [Test worker] .s.d.r.c.RepositoryConfigurationDelegate : Bootstrapping Spring Data JPA repositories in DEFAULT mode.
2020-05-17 02:30:35.632  INFO 24220 --- [Test worker] .s.d.r.c.RepositoryConfigurationDelegate : Finished Spring Data repository scanning in 195ms. Found 2 JPA repository interfaces.
2020-05-17 02:30:36.589  INFO 24220 --- [Test worker] com.zaxxer.hikari.HikariDataSource       : HikariPool-1 - Starting...
2020-05-17 02:30:36.674  INFO 24220 --- [Test worker] com.zaxxer.hikari.HikariDataSource       : HikariPool-1 - Start completed.
2020-05-17 02:30:36.755  INFO 24220 --- [Test worker] o.hibernate.jpa.internal.util.LogHelper  : HHH000204: Processing PersistenceUnitInfo [
	name: default
	...]
2020-05-17 02:30:36.862  INFO 24220 --- [Test worker] org.hibernate.Version                    : HHH000412: Hibernate Core {5.3.15.Final}
2020-05-17 02:30:36.864  INFO 24220 --- [Test worker] org.hibernate.cfg.Environment            : HHH000206: hibernate.properties not found
2020-05-17 02:30:37.057  INFO 24220 --- [Test worker] o.hibernate.annotations.common.Version   : HCANN000001: Hibernate Commons Annotations {5.0.4.Final}
2020-05-17 02:30:37.251  INFO 24220 --- [Test worker] org.hibernate.dialect.Dialect            : HHH000400: Using dialect: org.hibernate.dialect.H2Dialect
2020-05-17 02:30:38.941  INFO 24220 --- [Test worker] j.LocalContainerEntityManagerFactoryBean : Initialized JPA EntityManagerFactory for persistence unit 'default'
2020-05-17 02:30:39.868  INFO 24220 --- [Test worker] o.h.h.i.QueryTranslatorFactoryInitiator  : HHH000397: Using ASTQueryTranslatorFactory
2020-05-17 02:30:41.114  INFO 24220 --- [Test worker] o.s.s.web.DefaultSecurityFilterChain     : Creating filter chain: Ant [pattern='/static/**'], []
2020-05-17 02:30:41.115  INFO 24220 --- [Test worker] o.s.s.web.DefaultSecurityFilterChain     : Creating filter chain: Ant [pattern='/css/**'], []
2020-05-17 02:30:41.115  INFO 24220 --- [Test worker] o.s.s.web.DefaultSecurityFilterChain     : Creating filter chain: Ant [pattern='/memberAuth/**'], []
2020-05-17 02:30:41.115  INFO 24220 --- [Test worker] o.s.s.web.DefaultSecurityFilterChain     : Creating filter chain: Ant [pattern='/js/**'], []
2020-05-17 02:30:41.115  INFO 24220 --- [Test worker] o.s.s.web.DefaultSecurityFilterChain     : Creating filter chain: Ant [pattern='/img/**'], []
2020-05-17 02:30:41.115  INFO 24220 --- [Test worker] o.s.s.web.DefaultSecurityFilterChain     : Creating filter chain: Ant [pattern='/lib/**'], []
2020-05-17 02:30:41.274  INFO 24220 --- [Test worker] o.s.s.web.DefaultSecurityFilterChain     : Creating filter chain: any request, [org.springframework.security.web.context.request.async.WebAsyncManagerIntegrationFilter@2d26a868, org.springframework.security.web.context.SecurityContextPersistenceFilter@335410e2, org.springframework.security.web.header.HeaderWriterFilter@7144e98e, org.springframework.security.web.csrf.CsrfFilter@e766f0a, org.springframework.security.web.authentication.logout.LogoutFilter@6b2c3fdd, org.springframework.security.web.authentication.UsernamePasswordAuthenticationFilter@14837b88, org.springframework.security.web.savedrequest.RequestCacheAwareFilter@432020ae, org.springframework.security.web.servletapi.SecurityContextHolderAwareRequestFilter@4a9a52f6, org.springframework.security.web.authentication.AnonymousAuthenticationFilter@5a53b223, org.springframework.security.web.session.SessionManagementFilter@798e4e51, org.springframework.security.web.access.ExceptionTranslationFilter@3e0af4a6, org.springframework.security.web.access.intercept.FilterSecurityInterceptor@f0e1331]
2020-05-17 02:30:42.301  INFO 24220 --- [Test worker] o.s.s.concurrent.ThreadPoolTaskExecutor  : Initializing ExecutorService 'applicationTaskExecutor'
2020-05-17 02:30:42.370  WARN 24220 --- [Test worker] aWebConfiguration$JpaWebMvcConfiguration : spring.jpa.open-in-view is enabled by default. Therefore, database queries may be performed during view rendering. Explicitly configure spring.jpa.open-in-view to disable this warning
2020-05-17 02:30:45.811  INFO 24220 --- [Test worker] s.a.ScheduledAnnotationBeanPostProcessor : No TaskScheduler/ScheduledExecutorService bean found for scheduled processing
2020-05-17 02:30:45.836  INFO 24220 --- [Test worker] c.e.demo.APITest.MemberServiceApiTest    : Started MemberServiceApiTest in 13.175 seconds (JVM running for 15.426)
2020-05-17 02:30:45.894  INFO 24220 --- [Test worker] o.s.t.c.transaction.TransactionContext   : Began transaction (1) for test context [DefaultTestContext@6814ce2d testClass = MemberServiceApiTest, testInstance = com.example.demo.APITest.MemberServiceApiTest@20bf6ba9, testMethod = 회원정보보기@MemberServiceApiTest, testException = [null], mergedContextConfiguration = [WebMergedContextConfiguration@b6846a6 testClass = MemberServiceApiTest, locations = '{}', classes = '{class com.example.demo.DemoApplication}', contextInitializerClasses = '[]', activeProfiles = '{}', propertySourceLocations = '{}', propertySourceProperties = '{org.springframework.boot.test.context.SpringBootTestContextBootstrapper=true}', contextCustomizers = set[org.springframework.boot.test.autoconfigure.properties.PropertyMappingContextCustomizer@0, org.springframework.boot.test.autoconfigure.web.servlet.WebDriverContextCustomizerFactory$Customizer@2552652b, org.springframework.boot.test.context.filter.ExcludeFilterContextCustomizer@74e6b32e, org.springframework.boot.test.json.DuplicateJsonObjectContextCustomizerFactory$DuplicateJsonObjectContextCustomizer@2678747d, org.springframework.boot.test.mock.mockito.MockitoContextCustomizer@0, org.springframework.boot.test.web.client.TestRestTemplateContextCustomizer@54d783da, org.springframework.boot.test.web.reactive.server.WebTestClientContextCustomizer@63a231e5], resourceBasePath = 'src/main/webapp', contextLoader = 'org.springframework.boot.test.context.SpringBootContextLoader', parent = [null]], attributes = map['org.springframework.test.context.web.ServletTestExecutionListener.activateListener' -> true, 'org.springframework.test.context.web.ServletTestExecutionListener.populatedRequestContextHolder' -> true, 'org.springframework.test.context.web.ServletTestExecutionListener.resetRequestContextHolder' -> true]]; transaction manager [org.springframework.orm.jpa.JpaTransactionManager@198af1fb]; rollback [false]
2020-05-17 02:30:46.008  INFO 24220 --- [Test worker] o.s.t.c.transaction.TransactionContext   : Committed transaction for test: [DefaultTestContext@6814ce2d testClass = MemberServiceApiTest, testInstance = com.example.demo.APITest.MemberServiceApiTest@20bf6ba9, testMethod = 회원정보보기@MemberServiceApiTest, testException = [null], mergedContextConfiguration = [WebMergedContextConfiguration@b6846a6 testClass = MemberServiceApiTest, locations = '{}', classes = '{class com.example.demo.DemoApplication}', contextInitializerClasses = '[]', activeProfiles = '{}', propertySourceLocations = '{}', propertySourceProperties = '{org.springframework.boot.test.context.SpringBootTestContextBootstrapper=true}', contextCustomizers = set[org.springframework.boot.test.autoconfigure.properties.PropertyMappingContextCustomizer@0, org.springframework.boot.test.autoconfigure.web.servlet.WebDriverContextCustomizerFactory$Customizer@2552652b, org.springframework.boot.test.context.filter.ExcludeFilterContextCustomizer@74e6b32e, org.springframework.boot.test.json.DuplicateJsonObjectContextCustomizerFactory$DuplicateJsonObjectContextCustomizer@2678747d, org.springframework.boot.test.mock.mockito.MockitoContextCustomizer@0, org.springframework.boot.test.web.client.TestRestTemplateContextCustomizer@54d783da, org.springframework.boot.test.web.reactive.server.WebTestClientContextCustomizer@63a231e5], resourceBasePath = 'src/main/webapp', contextLoader = 'org.springframework.boot.test.context.SpringBootContextLoader', parent = [null]], attributes = map['org.springframework.test.context.web.ServletTestExecutionListener.activateListener' -> true, 'org.springframework.test.context.web.ServletTestExecutionListener.populatedRequestContextHolder' -> true, 'org.springframework.test.context.web.ServletTestExecutionListener.resetRequestContextHolder' -> true]]
2020-05-17 02:30:46.047  INFO 24220 --- [Thread-6] o.s.s.concurrent.ThreadPoolTaskExecutor  : Shutting down ExecutorService 'applicationTaskExecutor'
2020-05-17 02:30:46.049  INFO 24220 --- [Thread-6] j.LocalContainerEntityManagerFactoryBean : Closing JPA EntityManagerFactory for persistence unit 'default'
2020-05-17 02:30:46.052  INFO 24220 --- [Thread-6] com.zaxxer.hikari.HikariDataSource       : HikariPool-1 - Shutdown initiated...
2020-05-17 02:30:46.062  INFO 24220 --- [Thread-6] com.zaxxer.hikari.HikariDataSource       : HikariPool-1 - Shutdown completed.
2020-05-17 02:31:21.452  INFO 11708 --- [Test worker] c.e.demo.APITest.MemberServiceApiTest    : Starting MemberServiceApiTest on DESKTOP-09M87UV with PID 11708 (started by tkawn in H:\workspace\my_project\web\졸업 프로젝트\GuhaeDog)
2020-05-17 02:31:21.454 DEBUG 11708 --- [Test worker] c.e.demo.APITest.MemberServiceApiTest    : Running with Spring Boot v2.1.13.RELEASE, Spring v5.1.14.RELEASE
2020-05-17 02:31:21.454  INFO 11708 --- [Test worker] c.e.demo.APITest.MemberServiceApiTest    : The following profiles are active: real-oauth,test
2020-05-17 02:31:22.758  INFO 11708 --- [Test worker] .s.d.r.c.RepositoryConfigurationDelegate : Bootstrapping Spring Data JPA repositories in DEFAULT mode.
2020-05-17 02:31:23.195  INFO 11708 --- [Test worker] .s.d.r.c.RepositoryConfigurationDelegate : Finished Spring Data repository scanning in 411ms. Found 2 JPA repository interfaces.
2020-05-17 02:31:25.054  INFO 11708 --- [Test worker] com.zaxxer.hikari.HikariDataSource       : HikariPool-1 - Starting...
2020-05-17 02:31:25.219  INFO 11708 --- [Test worker] com.zaxxer.hikari.HikariDataSource       : HikariPool-1 - Start completed.
2020-05-17 02:31:25.413  INFO 11708 --- [Test worker] o.hibernate.jpa.internal.util.LogHelper  : HHH000204: Processing PersistenceUnitInfo [
	name: default
	...]
2020-05-17 02:31:25.517  INFO 11708 --- [Test worker] org.hibernate.Version                    : HHH000412: Hibernate Core {5.3.15.Final}
2020-05-17 02:31:25.520  INFO 11708 --- [Test worker] org.hibernate.cfg.Environment            : HHH000206: hibernate.properties not found
2020-05-17 02:31:25.809  INFO 11708 --- [Test worker] o.hibernate.annotations.common.Version   : HCANN000001: Hibernate Commons Annotations {5.0.4.Final}
2020-05-17 02:31:26.167  INFO 11708 --- [Test worker] org.hibernate.dialect.Dialect            : HHH000400: Using dialect: org.hibernate.dialect.H2Dialect
2020-05-17 02:31:27.347  INFO 11708 --- [Test worker] j.LocalContainerEntityManagerFactoryBean : Initialized JPA EntityManagerFactory for persistence unit 'default'
2020-05-17 02:31:27.749  INFO 11708 --- [Test worker] o.h.h.i.QueryTranslatorFactoryInitiator  : HHH000397: Using ASTQueryTranslatorFactory
2020-05-17 02:31:28.845  INFO 11708 --- [Test worker] o.s.s.web.DefaultSecurityFilterChain     : Creating filter chain: Ant [pattern='/static/**'], []
2020-05-17 02:31:28.846  INFO 11708 --- [Test worker] o.s.s.web.DefaultSecurityFilterChain     : Creating filter chain: Ant [pattern='/css/**'], []
2020-05-17 02:31:28.846  INFO 11708 --- [Test worker] o.s.s.web.DefaultSecurityFilterChain     : Creating filter chain: Ant [pattern='/memberAuth/**'], []
2020-05-17 02:31:28.846  INFO 11708 --- [Test worker] o.s.s.web.DefaultSecurityFilterChain     : Creating filter chain: Ant [pattern='/js/**'], []
2020-05-17 02:31:28.847  INFO 11708 --- [Test worker] o.s.s.web.DefaultSecurityFilterChain     : Creating filter chain: Ant [pattern='/img/**'], []
2020-05-17 02:31:28.847  INFO 11708 --- [Test worker] o.s.s.web.DefaultSecurityFilterChain     : Creating filter chain: Ant [pattern='/lib/**'], []
2020-05-17 02:31:29.041  INFO 11708 --- [Test worker] o.s.s.web.DefaultSecurityFilterChain     : Creating filter chain: any request, [org.springframework.security.web.context.request.async.WebAsyncManagerIntegrationFilter@ae33101, org.springframework.security.web.context.SecurityContextPersistenceFilter@5e2baef4, org.springframework.security.web.header.HeaderWriterFilter@2bb843f6, org.springframework.security.web.csrf.CsrfFilter@6651a961, org.springframework.security.web.authentication.logout.LogoutFilter@97e9835, org.springframework.security.web.authentication.UsernamePasswordAuthenticationFilter@1b6f50c2, org.springframework.security.web.savedrequest.RequestCacheAwareFilter@3d9b47c7, org.springframework.security.web.servletapi.SecurityContextHolderAwareRequestFilter@3fbcdf7d, org.springframework.security.web.authentication.AnonymousAuthenticationFilter@758b3cf7, org.springframework.security.web.session.SessionManagementFilter@6e82c442, org.springframework.security.web.access.ExceptionTranslationFilter@2b76f07, org.springframework.security.web.access.intercept.FilterSecurityInterceptor@1192efa8]
2020-05-17 02:31:31.018  INFO 11708 --- [Test worker] o.s.s.concurrent.ThreadPoolTaskExecutor  : Initializing ExecutorService 'applicationTaskExecutor'
2020-05-17 02:31:31.285  WARN 11708 --- [Test worker] aWebConfiguration$JpaWebMvcConfiguration : spring.jpa.open-in-view is enabled by default. Therefore, database queries may be performed during view rendering. Explicitly configure spring.jpa.open-in-view to disable this warning
2020-05-17 02:31:34.131  INFO 11708 --- [Test worker] s.a.ScheduledAnnotationBeanPostProcessor : No TaskScheduler/ScheduledExecutorService bean found for scheduled processing
2020-05-17 02:31:34.144  INFO 11708 --- [Test worker] c.e.demo.APITest.MemberServiceApiTest    : Started MemberServiceApiTest in 13.177 seconds (JVM running for 15.793)
2020-05-17 02:31:34.187  INFO 11708 --- [Test worker] o.s.t.c.transaction.TransactionContext   : Began transaction (1) for test context [DefaultTestContext@6814ce2d testClass = MemberServiceApiTest, testInstance = com.example.demo.APITest.MemberServiceApiTest@2fb09ac, testMethod = 회원정보보기@MemberServiceApiTest, testException = [null], mergedContextConfiguration = [WebMergedContextConfiguration@b6846a6 testClass = MemberServiceApiTest, locations = '{}', classes = '{class com.example.demo.DemoApplication}', contextInitializerClasses = '[]', activeProfiles = '{}', propertySourceLocations = '{}', propertySourceProperties = '{org.springframework.boot.test.context.SpringBootTestContextBootstrapper=true}', contextCustomizers = set[org.springframework.boot.test.autoconfigure.properties.PropertyMappingContextCustomizer@0, org.springframework.boot.test.autoconfigure.web.servlet.WebDriverContextCustomizerFactory$Customizer@2552652b, org.springframework.boot.test.context.filter.ExcludeFilterContextCustomizer@74e6b32e, org.springframework.boot.test.json.DuplicateJsonObjectContextCustomizerFactory$DuplicateJsonObjectContextCustomizer@2678747d, org.springframework.boot.test.mock.mockito.MockitoContextCustomizer@0, org.springframework.boot.test.web.client.TestRestTemplateContextCustomizer@54d783da, org.springframework.boot.test.web.reactive.server.WebTestClientContextCustomizer@63a231e5], resourceBasePath = 'src/main/webapp', contextLoader = 'org.springframework.boot.test.context.SpringBootContextLoader', parent = [null]], attributes = map['org.springframework.test.context.web.ServletTestExecutionListener.activateListener' -> true, 'org.springframework.test.context.web.ServletTestExecutionListener.populatedRequestContextHolder' -> true, 'org.springframework.test.context.web.ServletTestExecutionListener.resetRequestContextHolder' -> true]]; transaction manager [org.springframework.orm.jpa.JpaTransactionManager@37a98ee3]; rollback [false]
2020-05-17 02:31:34.335  INFO 11708 --- [Test worker] o.s.t.c.transaction.TransactionContext   : Committed transaction for test: [DefaultTestContext@6814ce2d testClass = MemberServiceApiTest, testInstance = com.example.demo.APITest.MemberServiceApiTest@2fb09ac, testMethod = 회원정보보기@MemberServiceApiTest, testException = [null], mergedContextConfiguration = [WebMergedContextConfiguration@b6846a6 testClass = MemberServiceApiTest, locations = '{}', classes = '{class com.example.demo.DemoApplication}', contextInitializerClasses = '[]', activeProfiles = '{}', propertySourceLocations = '{}', propertySourceProperties = '{org.springframework.boot.test.context.SpringBootTestContextBootstrapper=true}', contextCustomizers = set[org.springframework.boot.test.autoconfigure.properties.PropertyMappingContextCustomizer@0, org.springframework.boot.test.autoconfigure.web.servlet.WebDriverContextCustomizerFactory$Customizer@2552652b, org.springframework.boot.test.context.filter.ExcludeFilterContextCustomizer@74e6b32e, org.springframework.boot.test.json.DuplicateJsonObjectContextCustomizerFactory$DuplicateJsonObjectContextCustomizer@2678747d, org.springframework.boot.test.mock.mockito.MockitoContextCustomizer@0, org.springframework.boot.test.web.client.TestRestTemplateContextCustomizer@54d783da, org.springframework.boot.test.web.reactive.server.WebTestClientContextCustomizer@63a231e5], resourceBasePath = 'src/main/webapp', contextLoader = 'org.springframework.boot.test.context.SpringBootContextLoader', parent = [null]], attributes = map['org.springframework.test.context.web.ServletTestExecutionListener.activateListener' -> true, 'org.springframework.test.context.web.ServletTestExecutionListener.populatedRequestContextHolder' -> true, 'org.springframework.test.context.web.ServletTestExecutionListener.resetRequestContextHolder' -> true]]
2020-05-17 02:31:34.374  INFO 11708 --- [Thread-6] o.s.s.concurrent.ThreadPoolTaskExecutor  : Shutting down ExecutorService 'applicationTaskExecutor'
2020-05-17 02:31:34.376  INFO 11708 --- [Thread-6] j.LocalContainerEntityManagerFactoryBean : Closing JPA EntityManagerFactory for persistence unit 'default'
2020-05-17 02:31:34.380  INFO 11708 --- [Thread-6] com.zaxxer.hikari.HikariDataSource       : HikariPool-1 - Shutdown initiated...
2020-05-17 02:31:34.390  INFO 11708 --- [Thread-6] com.zaxxer.hikari.HikariDataSource       : HikariPool-1 - Shutdown completed.
2020-05-17 02:31:50.649  INFO 20008 --- [Test worker] c.e.demo.APITest.MemberServiceApiTest    : Starting MemberServiceApiTest on DESKTOP-09M87UV with PID 20008 (started by tkawn in H:\workspace\my_project\web\졸업 프로젝트\GuhaeDog)
2020-05-17 02:31:50.650 DEBUG 20008 --- [Test worker] c.e.demo.APITest.MemberServiceApiTest    : Running with Spring Boot v2.1.13.RELEASE, Spring v5.1.14.RELEASE
2020-05-17 02:31:50.651  INFO 20008 --- [Test worker] c.e.demo.APITest.MemberServiceApiTest    : The following profiles are active: real-oauth,test
2020-05-17 02:31:52.103  INFO 20008 --- [Test worker] .s.d.r.c.RepositoryConfigurationDelegate : Bootstrapping Spring Data JPA repositories in DEFAULT mode.
2020-05-17 02:31:52.535  INFO 20008 --- [Test worker] .s.d.r.c.RepositoryConfigurationDelegate : Finished Spring Data repository scanning in 412ms. Found 2 JPA repository interfaces.
2020-05-17 02:31:54.382  INFO 20008 --- [Test worker] com.zaxxer.hikari.HikariDataSource       : HikariPool-1 - Starting...
2020-05-17 02:31:54.538  INFO 20008 --- [Test worker] com.zaxxer.hikari.HikariDataSource       : HikariPool-1 - Start completed.
2020-05-17 02:31:54.705  INFO 20008 --- [Test worker] o.hibernate.jpa.internal.util.LogHelper  : HHH000204: Processing PersistenceUnitInfo [
	name: default
	...]
2020-05-17 02:31:54.806  INFO 20008 --- [Test worker] org.hibernate.Version                    : HHH000412: Hibernate Core {5.3.15.Final}
2020-05-17 02:31:54.808  INFO 20008 --- [Test worker] org.hibernate.cfg.Environment            : HHH000206: hibernate.properties not found
2020-05-17 02:31:55.003  INFO 20008 --- [Test worker] o.hibernate.annotations.common.Version   : HCANN000001: Hibernate Commons Annotations {5.0.4.Final}
2020-05-17 02:31:55.201  INFO 20008 --- [Test worker] org.hibernate.dialect.Dialect            : HHH000400: Using dialect: org.hibernate.dialect.H2Dialect
2020-05-17 02:31:56.029  INFO 20008 --- [Test worker] j.LocalContainerEntityManagerFactoryBean : Initialized JPA EntityManagerFactory for persistence unit 'default'
2020-05-17 02:31:56.408  INFO 20008 --- [Test worker] o.h.h.i.QueryTranslatorFactoryInitiator  : HHH000397: Using ASTQueryTranslatorFactory
2020-05-17 02:31:57.259  INFO 20008 --- [Test worker] o.s.s.web.DefaultSecurityFilterChain     : Creating filter chain: Ant [pattern='/static/**'], []
2020-05-17 02:31:57.260  INFO 20008 --- [Test worker] o.s.s.web.DefaultSecurityFilterChain     : Creating filter chain: Ant [pattern='/css/**'], []
2020-05-17 02:31:57.260  INFO 20008 --- [Test worker] o.s.s.web.DefaultSecurityFilterChain     : Creating filter chain: Ant [pattern='/memberAuth/**'], []
2020-05-17 02:31:57.260  INFO 20008 --- [Test worker] o.s.s.web.DefaultSecurityFilterChain     : Creating filter chain: Ant [pattern='/js/**'], []
2020-05-17 02:31:57.261  INFO 20008 --- [Test worker] o.s.s.web.DefaultSecurityFilterChain     : Creating filter chain: Ant [pattern='/img/**'], []
2020-05-17 02:31:57.261  INFO 20008 --- [Test worker] o.s.s.web.DefaultSecurityFilterChain     : Creating filter chain: Ant [pattern='/lib/**'], []
2020-05-17 02:31:57.440  INFO 20008 --- [Test worker] o.s.s.web.DefaultSecurityFilterChain     : Creating filter chain: any request, [org.springframework.security.web.context.request.async.WebAsyncManagerIntegrationFilter@94d2661, org.springframework.security.web.context.SecurityContextPersistenceFilter@289c1ec1, org.springframework.security.web.header.HeaderWriterFilter@335410e2, org.springframework.security.web.csrf.CsrfFilter@730c62ce, org.springframework.security.web.authentication.logout.LogoutFilter@22a29342, org.springframework.security.web.authentication.UsernamePasswordAuthenticationFilter@2d26a868, org.springframework.security.web.savedrequest.RequestCacheAwareFilter@269c1ab, org.springframework.security.web.servletapi.SecurityContextHolderAwareRequestFilter@6b2c3fdd, org.springframework.security.web.authentication.AnonymousAuthenticationFilter@526ae989, org.springframework.security.web.session.SessionManagementFilter@432020ae, org.springframework.security.web.access.ExceptionTranslationFilter@798e4e51, org.springframework.security.web.access.intercept.FilterSecurityInterceptor@298f2f79]
2020-05-17 02:31:59.367  INFO 20008 --- [Test worker] o.s.s.concurrent.ThreadPoolTaskExecutor  : Initializing ExecutorService 'applicationTaskExecutor'
2020-05-17 02:31:59.515  WARN 20008 --- [Test worker] aWebConfiguration$JpaWebMvcConfiguration : spring.jpa.open-in-view is enabled by default. Therefore, database queries may be performed during view rendering. Explicitly configure spring.jpa.open-in-view to disable this warning
2020-05-17 02:32:02.132  INFO 20008 --- [Test worker] s.a.ScheduledAnnotationBeanPostProcessor : No TaskScheduler/ScheduledExecutorService bean found for scheduled processing
2020-05-17 02:32:02.144  INFO 20008 --- [Test worker] c.e.demo.APITest.MemberServiceApiTest    : Started MemberServiceApiTest in 12.005 seconds (JVM running for 14.094)
2020-05-17 02:32:02.184  INFO 20008 --- [Test worker] o.s.t.c.transaction.TransactionContext   : Began transaction (1) for test context [DefaultTestContext@6814ce2d testClass = MemberServiceApiTest, testInstance = com.example.demo.APITest.MemberServiceApiTest@5f3c26a7, testMethod = 회원정보보기@MemberServiceApiTest, testException = [null], mergedContextConfiguration = [WebMergedContextConfiguration@b6846a6 testClass = MemberServiceApiTest, locations = '{}', classes = '{class com.example.demo.DemoApplication}', contextInitializerClasses = '[]', activeProfiles = '{}', propertySourceLocations = '{}', propertySourceProperties = '{org.springframework.boot.test.context.SpringBootTestContextBootstrapper=true}', contextCustomizers = set[org.springframework.boot.test.autoconfigure.properties.PropertyMappingContextCustomizer@0, org.springframework.boot.test.autoconfigure.web.servlet.WebDriverContextCustomizerFactory$Customizer@2552652b, org.springframework.boot.test.context.filter.ExcludeFilterContextCustomizer@74e6b32e, org.springframework.boot.test.json.DuplicateJsonObjectContextCustomizerFactory$DuplicateJsonObjectContextCustomizer@2678747d, org.springframework.boot.test.mock.mockito.MockitoContextCustomizer@0, org.springframework.boot.test.web.client.TestRestTemplateContextCustomizer@54d783da, org.springframework.boot.test.web.reactive.server.WebTestClientContextCustomizer@63a231e5], resourceBasePath = 'src/main/webapp', contextLoader = 'org.springframework.boot.test.context.SpringBootContextLoader', parent = [null]], attributes = map['org.springframework.test.context.web.ServletTestExecutionListener.activateListener' -> true, 'org.springframework.test.context.web.ServletTestExecutionListener.populatedRequestContextHolder' -> true, 'org.springframework.test.context.web.ServletTestExecutionListener.resetRequestContextHolder' -> true]]; transaction manager [org.springframework.orm.jpa.JpaTransactionManager@355c3cec]; rollback [false]
2020-05-17 02:32:02.314  INFO 20008 --- [Test worker] o.s.t.c.transaction.TransactionContext   : Committed transaction for test: [DefaultTestContext@6814ce2d testClass = MemberServiceApiTest, testInstance = com.example.demo.APITest.MemberServiceApiTest@5f3c26a7, testMethod = 회원정보보기@MemberServiceApiTest, testException = [null], mergedContextConfiguration = [WebMergedContextConfiguration@b6846a6 testClass = MemberServiceApiTest, locations = '{}', classes = '{class com.example.demo.DemoApplication}', contextInitializerClasses = '[]', activeProfiles = '{}', propertySourceLocations = '{}', propertySourceProperties = '{org.springframework.boot.test.context.SpringBootTestContextBootstrapper=true}', contextCustomizers = set[org.springframework.boot.test.autoconfigure.properties.PropertyMappingContextCustomizer@0, org.springframework.boot.test.autoconfigure.web.servlet.WebDriverContextCustomizerFactory$Customizer@2552652b, org.springframework.boot.test.context.filter.ExcludeFilterContextCustomizer@74e6b32e, org.springframework.boot.test.json.DuplicateJsonObjectContextCustomizerFactory$DuplicateJsonObjectContextCustomizer@2678747d, org.springframework.boot.test.mock.mockito.MockitoContextCustomizer@0, org.springframework.boot.test.web.client.TestRestTemplateContextCustomizer@54d783da, org.springframework.boot.test.web.reactive.server.WebTestClientContextCustomizer@63a231e5], resourceBasePath = 'src/main/webapp', contextLoader = 'org.springframework.boot.test.context.SpringBootContextLoader', parent = [null]], attributes = map['org.springframework.test.context.web.ServletTestExecutionListener.activateListener' -> true, 'org.springframework.test.context.web.ServletTestExecutionListener.populatedRequestContextHolder' -> true, 'org.springframework.test.context.web.ServletTestExecutionListener.resetRequestContextHolder' -> true]]
2020-05-17 02:32:02.347  INFO 20008 --- [Thread-6] o.s.s.concurrent.ThreadPoolTaskExecutor  : Shutting down ExecutorService 'applicationTaskExecutor'
2020-05-17 02:32:02.349  INFO 20008 --- [Thread-6] j.LocalContainerEntityManagerFactoryBean : Closing JPA EntityManagerFactory for persistence unit 'default'
2020-05-17 02:32:02.353  INFO 20008 --- [Thread-6] com.zaxxer.hikari.HikariDataSource       : HikariPool-1 - Shutdown initiated...
2020-05-17 02:32:02.367  INFO 20008 --- [Thread-6] com.zaxxer.hikari.HikariDataSource       : HikariPool-1 - Shutdown completed.
2020-05-17 02:50:54.401  INFO 15980 --- [Test worker] c.e.demo.APITest.MemberServiceApiTest    : Starting MemberServiceApiTest on DESKTOP-09M87UV with PID 15980 (started by tkawn in H:\workspace\my_project\web\졸업 프로젝트\GuhaeDog)
2020-05-17 02:50:54.402 DEBUG 15980 --- [Test worker] c.e.demo.APITest.MemberServiceApiTest    : Running with Spring Boot v2.1.13.RELEASE, Spring v5.1.14.RELEASE
2020-05-17 02:50:54.402  INFO 15980 --- [Test worker] c.e.demo.APITest.MemberServiceApiTest    : The following profiles are active: real-oauth,test
2020-05-17 02:50:55.522  INFO 15980 --- [Test worker] .s.d.r.c.RepositoryConfigurationDelegate : Bootstrapping Spring Data JPA repositories in DEFAULT mode.
2020-05-17 02:50:55.943  INFO 15980 --- [Test worker] .s.d.r.c.RepositoryConfigurationDelegate : Finished Spring Data repository scanning in 395ms. Found 2 JPA repository interfaces.
2020-05-17 02:50:57.735  INFO 15980 --- [Test worker] com.zaxxer.hikari.HikariDataSource       : HikariPool-1 - Starting...
2020-05-17 02:50:57.911  INFO 15980 --- [Test worker] com.zaxxer.hikari.HikariDataSource       : HikariPool-1 - Start completed.
2020-05-17 02:50:58.085  INFO 15980 --- [Test worker] o.hibernate.jpa.internal.util.LogHelper  : HHH000204: Processing PersistenceUnitInfo [
	name: default
	...]
2020-05-17 02:50:58.311  INFO 15980 --- [Test worker] org.hibernate.Version                    : HHH000412: Hibernate Core {5.3.15.Final}
2020-05-17 02:50:58.317  INFO 15980 --- [Test worker] org.hibernate.cfg.Environment            : HHH000206: hibernate.properties not found
2020-05-17 02:50:58.664  INFO 15980 --- [Test worker] o.hibernate.annotations.common.Version   : HCANN000001: Hibernate Commons Annotations {5.0.4.Final}
2020-05-17 02:50:58.881  INFO 15980 --- [Test worker] org.hibernate.dialect.Dialect            : HHH000400: Using dialect: org.hibernate.dialect.H2Dialect
2020-05-17 02:50:59.762  INFO 15980 --- [Test worker] j.LocalContainerEntityManagerFactoryBean : Initialized JPA EntityManagerFactory for persistence unit 'default'
2020-05-17 02:51:00.192  INFO 15980 --- [Test worker] o.h.h.i.QueryTranslatorFactoryInitiator  : HHH000397: Using ASTQueryTranslatorFactory
2020-05-17 02:51:00.996  INFO 15980 --- [Test worker] o.s.s.web.DefaultSecurityFilterChain     : Creating filter chain: Ant [pattern='/static/**'], []
2020-05-17 02:51:00.997  INFO 15980 --- [Test worker] o.s.s.web.DefaultSecurityFilterChain     : Creating filter chain: Ant [pattern='/css/**'], []
2020-05-17 02:51:00.997  INFO 15980 --- [Test worker] o.s.s.web.DefaultSecurityFilterChain     : Creating filter chain: Ant [pattern='/memberAuth/**'], []
2020-05-17 02:51:00.997  INFO 15980 --- [Test worker] o.s.s.web.DefaultSecurityFilterChain     : Creating filter chain: Ant [pattern='/js/**'], []
2020-05-17 02:51:00.998  INFO 15980 --- [Test worker] o.s.s.web.DefaultSecurityFilterChain     : Creating filter chain: Ant [pattern='/img/**'], []
2020-05-17 02:51:00.998  INFO 15980 --- [Test worker] o.s.s.web.DefaultSecurityFilterChain     : Creating filter chain: Ant [pattern='/lib/**'], []
2020-05-17 02:51:01.185  INFO 15980 --- [Test worker] o.s.s.web.DefaultSecurityFilterChain     : Creating filter chain: any request, [org.springframework.security.web.context.request.async.WebAsyncManagerIntegrationFilter@283015c9, org.springframework.security.web.context.SecurityContextPersistenceFilter@745bd299, org.springframework.security.web.header.HeaderWriterFilter@6032631e, org.springframework.security.web.csrf.CsrfFilter@43a4808b, org.springframework.security.web.authentication.logout.LogoutFilter@6746d8d8, org.springframework.security.web.authentication.UsernamePasswordAuthenticationFilter@3c1d97fd, org.springframework.security.web.savedrequest.RequestCacheAwareFilter@7e91288, org.springframework.security.web.servletapi.SecurityContextHolderAwareRequestFilter@498a3d6d, org.springframework.security.web.authentication.AnonymousAuthenticationFilter@1ae3b124, org.springframework.security.web.session.SessionManagementFilter@68360099, org.springframework.security.web.access.ExceptionTranslationFilter@3c10a2c9, org.springframework.security.web.access.intercept.FilterSecurityInterceptor@3dedcecf]
2020-05-17 02:51:02.792  INFO 15980 --- [Test worker] o.s.s.concurrent.ThreadPoolTaskExecutor  : Initializing ExecutorService 'applicationTaskExecutor'
2020-05-17 02:51:02.941  WARN 15980 --- [Test worker] aWebConfiguration$JpaWebMvcConfiguration : spring.jpa.open-in-view is enabled by default. Therefore, database queries may be performed during view rendering. Explicitly configure spring.jpa.open-in-view to disable this warning
2020-05-17 02:51:06.213  INFO 15980 --- [Test worker] s.a.ScheduledAnnotationBeanPostProcessor : No TaskScheduler/ScheduledExecutorService bean found for scheduled processing
2020-05-17 02:51:06.232  INFO 15980 --- [Test worker] c.e.demo.APITest.MemberServiceApiTest    : Started MemberServiceApiTest in 12.31 seconds (JVM running for 15.509)
2020-05-17 02:51:06.281  INFO 15980 --- [Test worker] o.s.t.c.transaction.TransactionContext   : Began transaction (1) for test context [DefaultTestContext@6d5850d8 testClass = MemberServiceApiTest, testInstance = com.example.demo.APITest.MemberServiceApiTest@4dc5183f, testMethod = 회원정보보기@MemberServiceApiTest, testException = [null], mergedContextConfiguration = [WebMergedContextConfiguration@61da222b testClass = MemberServiceApiTest, locations = '{}', classes = '{class com.example.demo.DemoApplication}', contextInitializerClasses = '[]', activeProfiles = '{}', propertySourceLocations = '{}', propertySourceProperties = '{org.springframework.boot.test.context.SpringBootTestContextBootstrapper=true}', contextCustomizers = set[org.springframework.boot.test.autoconfigure.properties.PropertyMappingContextCustomizer@0, org.springframework.boot.test.autoconfigure.web.servlet.WebDriverContextCustomizerFactory$Customizer@4663525d, org.springframework.boot.test.context.filter.ExcludeFilterContextCustomizer@38365378, org.springframework.boot.test.json.DuplicateJsonObjectContextCustomizerFactory$DuplicateJsonObjectContextCustomizer@69a2aed0, org.springframework.boot.test.mock.mockito.MockitoContextCustomizer@0, org.springframework.boot.test.web.client.TestRestTemplateContextCustomizer@235a3582, org.springframework.boot.test.web.reactive.server.WebTestClientContextCustomizer@ddc92e4], resourceBasePath = 'src/main/webapp', contextLoader = 'org.springframework.boot.test.context.SpringBootContextLoader', parent = [null]], attributes = map['org.springframework.test.context.web.ServletTestExecutionListener.activateListener' -> true, 'org.springframework.test.context.web.ServletTestExecutionListener.populatedRequestContextHolder' -> true, 'org.springframework.test.context.web.ServletTestExecutionListener.resetRequestContextHolder' -> true]]; transaction manager [org.springframework.orm.jpa.JpaTransactionManager@77d028ff]; rollback [false]
2020-05-17 02:51:06.488  INFO 15980 --- [Test worker] o.s.t.c.transaction.TransactionContext   : Committed transaction for test: [DefaultTestContext@6d5850d8 testClass = MemberServiceApiTest, testInstance = com.example.demo.APITest.MemberServiceApiTest@4dc5183f, testMethod = 회원정보보기@MemberServiceApiTest, testException = [null], mergedContextConfiguration = [WebMergedContextConfiguration@61da222b testClass = MemberServiceApiTest, locations = '{}', classes = '{class com.example.demo.DemoApplication}', contextInitializerClasses = '[]', activeProfiles = '{}', propertySourceLocations = '{}', propertySourceProperties = '{org.springframework.boot.test.context.SpringBootTestContextBootstrapper=true}', contextCustomizers = set[org.springframework.boot.test.autoconfigure.properties.PropertyMappingContextCustomizer@0, org.springframework.boot.test.autoconfigure.web.servlet.WebDriverContextCustomizerFactory$Customizer@4663525d, org.springframework.boot.test.context.filter.ExcludeFilterContextCustomizer@38365378, org.springframework.boot.test.json.DuplicateJsonObjectContextCustomizerFactory$DuplicateJsonObjectContextCustomizer@69a2aed0, org.springframework.boot.test.mock.mockito.MockitoContextCustomizer@0, org.springframework.boot.test.web.client.TestRestTemplateContextCustomizer@235a3582, org.springframework.boot.test.web.reactive.server.WebTestClientContextCustomizer@ddc92e4], resourceBasePath = 'src/main/webapp', contextLoader = 'org.springframework.boot.test.context.SpringBootContextLoader', parent = [null]], attributes = map['org.springframework.test.context.web.ServletTestExecutionListener.activateListener' -> true, 'org.springframework.test.context.web.ServletTestExecutionListener.populatedRequestContextHolder' -> true, 'org.springframework.test.context.web.ServletTestExecutionListener.resetRequestContextHolder' -> true]]
2020-05-17 02:51:06.531  INFO 15980 --- [Thread-6] o.s.s.concurrent.ThreadPoolTaskExecutor  : Shutting down ExecutorService 'applicationTaskExecutor'
2020-05-17 02:51:06.533  INFO 15980 --- [Thread-6] j.LocalContainerEntityManagerFactoryBean : Closing JPA EntityManagerFactory for persistence unit 'default'
2020-05-17 02:51:06.537  INFO 15980 --- [Thread-6] com.zaxxer.hikari.HikariDataSource       : HikariPool-1 - Shutdown initiated...
2020-05-17 02:51:06.547  INFO 15980 --- [Thread-6] com.zaxxer.hikari.HikariDataSource       : HikariPool-1 - Shutdown completed.
